{
  message: 'Server started on port 3000',
  level: 'info',
  timestamp: '2025-11-04T13:36:39.184Z'
}
{
  message: 'Server started on port 3000',
  level: 'info',
  timestamp: '2025-11-04T13:44:23.134Z'
}
{
  message: 'Server started on port 3000',
  level: 'info',
  timestamp: '2025-11-04T13:44:30.925Z'
}
{
  message: 'Server started on port 3000',
  level: 'info',
  timestamp: '2025-11-04T13:46:54.029Z'
}
{
  message: 'user abxd register successfully',
  level: 'info',
  timestamp: '2025-11-04T13:47:44.596Z'
}
